ERC report (2024-10-30T19:27:42+0100, Encoding UTF8)

***** Sheet /
[lib_symbol_issues]: Symbol 'LAN7800-I_Y9X' has been modified in library 'LAN7800'
    ; warning
    @(153.6700 mm, 120.6500 mm): Symbol U2 [LAN7800-I_Y9X]
[lib_symbol_issues]: Symbol 'USB3_A' has been modified in library 'Connector'
    ; warning
    @(48.2600 mm, 58.4200 mm): Symbol J2 [USB3_A]
[multiple_net_names]: Both Sortie de VO => 3.3V and Régulateur de tension entre USB et Controleur pour limiter à 3.3V. Présnece de condensateur pour réduire le bruit et les fluctuations de tensions pour une meilleure communication are attached to the same items; Sortie de VO => 3.3V will be used in the netlist
    ; warning
    @(107.9500 mm, 24.1300 mm): Global Label 'Sortie de VO => 3.3V'
    @(96.5200 mm, 21.5900 mm): Label 'Régulateur de tension entre USB et...'
[pin_to_pin]: Pins of type Power output and Bidirectional are connected
    ; warning
    @(93.9800 mm, 21.5900 mm): Symbol U3 Pin 2 [VO, Power output, Line]
    @(344.1700 mm, 81.2800 mm): Symbol U4 Pin 3 [LED1/REGOFF, Bidirectional, Line]
[pin_to_pin]: Pins of type Passive and Unspecified are connected
    ; warning
    @(135.8900 mm, 82.5500 mm): Symbol C10 Pin 2 [Passive, Line]
    @(137.1600 mm, 81.2800 mm): Symbol U2 Pin 48 [REF_FILT, Unspecified, Line]
[pin_to_pin]: Pins of type Passive and Unspecified are connected
    ; warning
    @(137.1600 mm, 78.7400 mm): Symbol R26 Pin 2 [Passive, Line]
    @(137.1600 mm, 78.7400 mm): Symbol U2 Pin 47 [REF_REXT, Unspecified, Line]
[lib_symbol_issues]: Symbol 'LAN7800-I_Y9X' has been modified in library 'LAN7800'
    ; warning
    @(233.6800 mm, 99.0600 mm): Symbol U2 [LAN7800-I_Y9X]
[pin_to_pin]: Pins of type Unspecified and Bidirectional are connected
    ; warning
    @(233.6800 mm, 71.1200 mm): Symbol U2 Pin 2 [TR0N, Unspecified, Line]
    @(298.4500 mm, 88.9000 mm): Symbol U4 Pin 22 [RXN, Bidirectional, Line]
[pin_to_pin]: Pins of type Unspecified and Bidirectional are connected
    ; warning
    @(233.6800 mm, 63.5000 mm): Symbol U2 Pin 4 [TR1P, Unspecified, Line]
    @(298.4500 mm, 81.2800 mm): Symbol U4 Pin 21 [TXP, Bidirectional, Line]
[pin_to_pin]: Pins of type Unspecified and Bidirectional are connected
    ; warning
    @(233.6800 mm, 66.0400 mm): Symbol U2 Pin 5 [TR1N, Unspecified, Line]
    @(298.4500 mm, 83.8200 mm): Symbol U4 Pin 20 [TXN, Bidirectional, Line]
[pin_to_pin]: Pins of type Unspecified and Bidirectional are connected
    ; warning
    @(233.6800 mm, 68.5800 mm): Symbol U2 Pin 1 [TR0P, Unspecified, Line]
    @(298.4500 mm, 86.3600 mm): Symbol U4 Pin 23 [RXP, Bidirectional, Line]
[pin_to_pin]: Pins of type Passive and Unspecified are connected
    ; warning
    @(233.6800 mm, 50.8000 mm): Symbol R7 Pin 1 [Passive, Line]
    @(233.6800 mm, 50.8000 mm): Symbol U2 Pin 37 [USBRBIAS, Unspecified, Line]
[multiple_net_names]: Both GND and GPIO46 mis au ground car quand GPIO46 et GPIO0 en low on passe en mode téléchargement de fichier bin via UART are attached to the same items; GND will be used in the netlist
    ; warning
    @(345.4400 mm, 93.9800 mm): Symbol #PWR06 Pin 1 [Power input, Line]
    @(151.1300 mm, 257.8100 mm): Label 'GPIO46 mis au ground car quand GPI...'
[pin_to_pin]: Pins of type Bidirectional and Power output are connected
    ; warning
    @(130.8100 mm, 257.8100 mm): Symbol U1 Pin 16 [IO46, Bidirectional, Line]
    @(153.6700 mm, 168.9100 mm): Symbol U2 Pin 49 [VSS, Power output, Line]
[pin_to_pin]: Pins of type Passive and Unspecified are connected
    ; warning
    @(275.5900 mm, 95.2500 mm): Symbol J7 Pin 1 [Pin_1, Passive, Line]
    @(233.6800 mm, 63.5000 mm): Symbol U2 Pin 4 [TR1P, Unspecified, Line]
[pin_to_pin]: Pins of type Passive and Unspecified are connected
    ; warning
    @(278.1300 mm, 95.2500 mm): Symbol J7 Pin 2 [Pin_2, Passive, Line]
    @(233.6800 mm, 66.0400 mm): Symbol U2 Pin 5 [TR1N, Unspecified, Line]
[pin_to_pin]: Pins of type Passive and Unspecified are connected
    ; warning
    @(280.6700 mm, 95.2500 mm): Symbol J7 Pin 3 [Pin_3, Passive, Line]
    @(233.6800 mm, 68.5800 mm): Symbol U2 Pin 1 [TR0P, Unspecified, Line]
[pin_to_pin]: Pins of type Passive and Unspecified are connected
    ; warning
    @(283.2100 mm, 95.2500 mm): Symbol J7 Pin 4 [Pin_4, Passive, Line]
    @(233.6800 mm, 71.1200 mm): Symbol U2 Pin 2 [TR0N, Unspecified, Line]
[multiple_net_names]: Both 3.3V and Si GPIO0 en high => en mode SPI BOOT, si en low => mode Joint Download Boot are attached to the same items; 3.3V will be used in the netlist
    ; warning
    @(107.9500 mm, 116.8400 mm): Label '3.3V'
    @(138.4300 mm, 181.6100 mm): Label 'Si GPIO0 en high => en mode SPI BO...'
[pin_to_pin]: Pins of type Power output and Bidirectional are connected
    ; warning
    @(153.6700 mm, 168.9100 mm): Symbol U2 Pin 49 [VSS, Power output, Line]
    @(344.1700 mm, 83.8200 mm): Symbol U4 Pin 2 [LED2/~{NINTSEL}, Bidirectional, Line]

 ** ERC messages: 20  Errors 0  Warnings 20
